{"numFailedTestSuites":0,"numFailedTests":0,"numPassedTestSuites":1,"numPassedTests":1,"numPendingTestSuites":0,"numPendingTests":0,"numRuntimeErrorTestSuites":0,"numTodoTests":0,"numTotalTestSuites":1,"numTotalTests":1,"openHandles":[],"snapshot":{"added":0,"didUpdate":false,"failure":false,"filesAdded":0,"filesRemoved":0,"filesRemovedList":[],"filesUnmatched":0,"filesUpdated":0,"matched":0,"total":0,"unchecked":0,"uncheckedKeysByFile":[],"unmatched":0,"updated":0},"startTime":1777534370462,"success":true,"testResults":[{"assertionResults":[{"ancestorTitles":["Tests Fonctionnels - API Activités"],"duration":137,"failing":false,"failureDetails":[],"failureMessages":[],"fullName":"Tests Fonctionnels - API Activités GET /api/activities - devrait retourner la liste des activités avec un code 200","invocations":1,"location":null,"numPassingAsserts":6,"retryReasons":[],"startAt":1777534371383,"status":"passed","title":"GET /api/activities - devrait retourner la liste des activités avec un code 200"}],"endTime":1777534371523,"message":"","name":"C:\\Users\\robin\\OneDrive\\Documents\\GitHub\\cesizen_project\\backend\\tests\\activity.test.js","startTime":1777534370591,"status":"passed","summary":""}],"wasInterrupted":false}
