{"C:\\Users\\robin\\OneDrive\\Documents\\GitHub\\cesizen_project\\backend\\src\\config\\db.js": {"path":"C:\\Users\\robin\\OneDrive\\Documents\\GitHub\\cesizen_project\\backend\\src\\config\\db.js","statementMap":{"0":{"start":{"line":3,"column":15},"end":{"line":3,"column":28}},"1":{"start":{"line":4,"column":0},"end":{"line":4,"column":27}},"2":{"start":{"line":6,"column":13},"end":{"line":12,"column":2}},"3":{"start":{"line":14,"column":0},"end":{"line":21,"column":3}},"4":{"start":{"line":15,"column":4},"end":{"line":17,"column":5}},"5":{"start":{"line":16,"column":8},"end":{"line":16,"column":63}},"6":{"start":{"line":18,"column":4},"end":{"line":18,"column":45}},"7":{"start":{"line":23,"column":1},"end":{"line":23,"column":23}}},"fnMap":{"0":{"name":"(anonymous_0)","decl":{"start":{"line":14,"column":13},"end":{"line":14,"column":14}},"loc":{"start":{"line":14,"column":39},"end":{"line":21,"column":1}},"line":14}},"branchMap":{"0":{"loc":{"start":{"line":15,"column":4},"end":{"line":17,"column":5}},"type":"if","locations":[{"start":{"line":15,"column":4},"end":{"line":17,"column":5}},{"start":{},"end":{}}],"line":15}},"s":{"0":1,"1":1,"2":1,"3":1,"4":0,"5":0,"6":0,"7":1},"f":{"0":0},"b":{"0":[0,0]},"_coverageSchema":"1a1c01bbd47fc00a2c39e90264f33305004495a9","hash":"e2ab37158a53677f91e75fb178ab95fb12602940"}
,"C:\\Users\\robin\\OneDrive\\Documents\\GitHub\\cesizen_project\\backend\\src\\controller\\activityController.js": {"path":"C:\\Users\\robin\\OneDrive\\Documents\\GitHub\\cesizen_project\\backend\\src\\controller\\activityController.js","statementMap":{"0":{"start":{"line":1,"column":22},"end":{"line":1,"column":55}},"1":{"start":{"line":2,"column":13},"end":{"line":2,"column":36}},"2":{"start":{"line":5,"column":0},"end":{"line":17,"column":2}},"3":{"start":{"line":6,"column":2},"end":{"line":16,"column":3}},"4":{"start":{"line":8,"column":23},"end":{"line":8,"column":50}},"5":{"start":{"line":11,"column":23},"end":{"line":11,"column":62}},"6":{"start":{"line":13,"column":4},"end":{"line":13,"column":25}},"7":{"start":{"line":15,"column":4},"end":{"line":15,"column":49}},"8":{"start":{"line":20,"column":0},"end":{"line":51,"column":2}},"9":{"start":{"line":21,"column":104},"end":{"line":21,"column":112}},"10":{"start":{"line":23,"column":19},"end":{"line":23,"column":39}},"11":{"start":{"line":24,"column":4},"end":{"line":50,"column":5}},"12":{"start":{"line":25,"column":8},"end":{"line":25,"column":36}},"13":{"start":{"line":28,"column":28},"end":{"line":32,"column":9}},"14":{"start":{"line":34,"column":30},"end":{"line":34,"column":61}},"15":{"start":{"line":37,"column":8},"end":{"line":40,"column":10}},"16":{"start":{"line":42,"column":8},"end":{"line":42,"column":37}},"17":{"start":{"line":43,"column":8},"end":{"line":43,"column":106}},"18":{"start":{"line":46,"column":8},"end":{"line":46,"column":39}},"19":{"start":{"line":47,"column":8},"end":{"line":47,"column":53}},"20":{"start":{"line":49,"column":8},"end":{"line":49,"column":25}},"21":{"start":{"line":54,"column":0},"end":{"line":83,"column":2}},"22":{"start":{"line":55,"column":17},"end":{"line":55,"column":27}},"23":{"start":{"line":56,"column":86},"end":{"line":56,"column":94}},"24":{"start":{"line":57,"column":17},"end":{"line":57,"column":37}},"25":{"start":{"line":58,"column":2},"end":{"line":82,"column":3}},"26":{"start":{"line":59,"column":4},"end":{"line":59,"column":32}},"27":{"start":{"line":62,"column":4},"end":{"line":67,"column":6}},"28":{"start":{"line":70,"column":4},"end":{"line":70,"column":85}},"29":{"start":{"line":71,"column":4},"end":{"line":71,"column":118}},"30":{"start":{"line":73,"column":4},"end":{"line":73,"column":33}},"31":{"start":{"line":74,"column":4},"end":{"line":74,"column":71}},"32":{"start":{"line":77,"column":4},"end":{"line":77,"column":35}},"33":{"start":{"line":78,"column":4},"end":{"line":78,"column":58}},"34":{"start":{"line":79,"column":4},"end":{"line":79,"column":49}},"35":{"start":{"line":81,"column":4},"end":{"line":81,"column":21}},"36":{"start":{"line":86,"column":0},"end":{"line":95,"column":2}},"37":{"start":{"line":87,"column":19},"end":{"line":87,"column":29}},"38":{"start":{"line":88,"column":27},"end":{"line":88,"column":35}},"39":{"start":{"line":89,"column":4},"end":{"line":94,"column":5}},"40":{"start":{"line":90,"column":8},"end":{"line":90,"column":105}},"41":{"start":{"line":91,"column":8},"end":{"line":91,"column":81}},"42":{"start":{"line":93,"column":8},"end":{"line":93,"column":53}},"43":{"start":{"line":98,"column":0},"end":{"line":117,"column":2}},"44":{"start":{"line":99,"column":2},"end":{"line":116,"column":3}},"45":{"start":{"line":100,"column":19},"end":{"line":100,"column":29}},"46":{"start":{"line":103,"column":19},"end":{"line":106,"column":5}},"47":{"start":{"line":108,"column":4},"end":{"line":110,"column":5}},"48":{"start":{"line":109,"column":6},"end":{"line":109,"column":71}},"49":{"start":{"line":112,"column":4},"end":{"line":112,"column":72}},"50":{"start":{"line":114,"column":4},"end":{"line":114,"column":57}},"51":{"start":{"line":115,"column":4},"end":{"line":115,"column":49}}},"fnMap":{"0":{"name":"(anonymous_0)","decl":{"start":{"line":5,"column":27},"end":{"line":5,"column":28}},"loc":{"start":{"line":5,"column":47},"end":{"line":17,"column":1}},"line":5},"1":{"name":"(anonymous_1)","decl":{"start":{"line":20,"column":25},"end":{"line":20,"column":26}},"loc":{"start":{"line":20,"column":45},"end":{"line":51,"column":1}},"line":20},"2":{"name":"(anonymous_2)","decl":{"start":{"line":54,"column":25},"end":{"line":54,"column":26}},"loc":{"start":{"line":54,"column":45},"end":{"line":83,"column":1}},"line":54},"3":{"name":"(anonymous_3)","decl":{"start":{"line":86,"column":31},"end":{"line":86,"column":32}},"loc":{"start":{"line":86,"column":51},"end":{"line":95,"column":1}},"line":86},"4":{"name":"(anonymous_4)","decl":{"start":{"line":98,"column":25},"end":{"line":98,"column":26}},"loc":{"start":{"line":98,"column":45},"end":{"line":117,"column":1}},"line":98}},"branchMap":{"0":{"loc":{"start":{"line":108,"column":4},"end":{"line":110,"column":5}},"type":"if","locations":[{"start":{"line":108,"column":4},"end":{"line":110,"column":5}},{"start":{},"end":{}}],"line":108}},"s":{"0":1,"1":1,"2":1,"3":1,"4":1,"5":1,"6":1,"7":0,"8":1,"9":0,"10":0,"11":0,"12":0,"13":0,"14":0,"15":0,"16":0,"17":0,"18":0,"19":0,"20":0,"21":1,"22":0,"23":0,"24":0,"25":0,"26":0,"27":0,"28":0,"29":0,"30":0,"31":0,"32":0,"33":0,"34":0,"35":0,"36":1,"37":0,"38":0,"39":0,"40":0,"41":0,"42":0,"43":1,"44":0,"45":0,"46":0,"47":0,"48":0,"49":0,"50":0,"51":0},"f":{"0":1,"1":0,"2":0,"3":0,"4":0},"b":{"0":[0,0]},"_coverageSchema":"1a1c01bbd47fc00a2c39e90264f33305004495a9","hash":"1d294365d0fd1d394d109066fda0a3ec5979a6d5"}
,"C:\\Users\\robin\\OneDrive\\Documents\\GitHub\\cesizen_project\\backend\\src\\model\\activityModel.js": {"path":"C:\\Users\\robin\\OneDrive\\Documents\\GitHub\\cesizen_project\\backend\\src\\model\\activityModel.js","statementMap":{"0":{"start":{"line":1,"column":13},"end":{"line":1,"column":36}},"1":{"start":{"line":3,"column":22},"end":{"line":32,"column":1}},"2":{"start":{"line":5,"column":16},"end":{"line":21,"column":5}},"3":{"start":{"line":23,"column":4},"end":{"line":25,"column":5}},"4":{"start":{"line":24,"column":6},"end":{"line":24,"column":45}},"5":{"start":{"line":27,"column":4},"end":{"line":27,"column":68}},"6":{"start":{"line":29,"column":19},"end":{"line":29,"column":42}},"7":{"start":{"line":30,"column":4},"end":{"line":30,"column":23}},"8":{"start":{"line":34,"column":0},"end":{"line":34,"column":31}}},"fnMap":{"0":{"name":"(anonymous_0)","decl":{"start":{"line":4,"column":11},"end":{"line":4,"column":12}},"loc":{"start":{"line":4,"column":41},"end":{"line":31,"column":3}},"line":4}},"branchMap":{"0":{"loc":{"start":{"line":4,"column":18},"end":{"line":4,"column":36}},"type":"default-arg","locations":[{"start":{"line":4,"column":31},"end":{"line":4,"column":36}}],"line":4},"1":{"loc":{"start":{"line":23,"column":4},"end":{"line":25,"column":5}},"type":"if","locations":[{"start":{"line":23,"column":4},"end":{"line":25,"column":5}},{"start":{},"end":{}}],"line":23}},"s":{"0":1,"1":1,"2":1,"3":1,"4":0,"5":1,"6":1,"7":1,"8":1},"f":{"0":1},"b":{"0":[0],"1":[0,1]},"_coverageSchema":"1a1c01bbd47fc00a2c39e90264f33305004495a9","hash":"2e13889ed7d818ab1dc9b533e5b8891ec9778f8a"}
,"C:\\Users\\robin\\OneDrive\\Documents\\GitHub\\cesizen_project\\backend\\src\\routes\\activityRoute.js": {"path":"C:\\Users\\robin\\OneDrive\\Documents\\GitHub\\cesizen_project\\backend\\src\\routes\\activityRoute.js","statementMap":{"0":{"start":{"line":1,"column":16},"end":{"line":1,"column":34}},"1":{"start":{"line":2,"column":15},"end":{"line":2,"column":31}},"2":{"start":{"line":3,"column":27},"end":{"line":3,"column":70}},"3":{"start":{"line":5,"column":0},"end":{"line":5,"column":53}},"4":{"start":{"line":6,"column":0},"end":{"line":6,"column":52}},"5":{"start":{"line":7,"column":0},"end":{"line":7,"column":54}},"6":{"start":{"line":8,"column":0},"end":{"line":8,"column":69}},"7":{"start":{"line":9,"column":0},"end":{"line":9,"column":57}},"8":{"start":{"line":11,"column":0},"end":{"line":11,"column":24}}},"fnMap":{},"branchMap":{},"s":{"0":1,"1":1,"2":1,"3":1,"4":1,"5":1,"6":1,"7":1,"8":1},"f":{},"b":{},"_coverageSchema":"1a1c01bbd47fc00a2c39e90264f33305004495a9","hash":"e13ca88ad967c58e1f4b923febbf4c1fd2a0f552"}
}
