TN:
SF:src\config\db.js
FN:14,(anonymous_0)
FNF:1
FNH:0
FNDA:0,(anonymous_0)
DA:3,1
DA:4,1
DA:6,1
DA:14,1
DA:15,0
DA:16,0
DA:18,0
DA:23,1
LF:8
LH:5
BRDA:15,0,0,0
BRDA:15,0,1,0
BRF:2
BRH:0
end_of_record
TN:
SF:src\controller\activityController.js
FN:5,(anonymous_0)
FN:20,(anonymous_1)
FN:54,(anonymous_2)
FN:86,(anonymous_3)
FN:98,(anonymous_4)
FNF:5
FNH:1
FNDA:1,(anonymous_0)
FNDA:0,(anonymous_1)
FNDA:0,(anonymous_2)
FNDA:0,(anonymous_3)
FNDA:0,(anonymous_4)
DA:1,1
DA:2,1
DA:5,1
DA:6,1
DA:8,1
DA:11,1
DA:13,1
DA:15,0
DA:20,1
DA:21,0
DA:23,0
DA:24,0
DA:25,0
DA:28,0
DA:34,0
DA:37,0
DA:42,0
DA:43,0
DA:46,0
DA:47,0
DA:49,0
DA:54,1
DA:55,0
DA:56,0
DA:57,0
DA:58,0
DA:59,0
DA:62,0
DA:70,0
DA:71,0
DA:73,0
DA:74,0
DA:77,0
DA:78,0
DA:79,0
DA:81,0
DA:86,1
DA:87,0
DA:88,0
DA:89,0
DA:90,0
DA:91,0
DA:93,0
DA:98,1
DA:99,0
DA:100,0
DA:103,0
DA:108,0
DA:109,0
DA:112,0
DA:114,0
DA:115,0
LF:52
LH:11
BRDA:108,0,0,0
BRDA:108,0,1,0
BRF:2
BRH:0
end_of_record
TN:
SF:src\model\activityModel.js
FN:4,(anonymous_0)
FNF:1
FNH:1
FNDA:1,(anonymous_0)
DA:1,1
DA:3,1
DA:5,1
DA:23,1
DA:24,0
DA:27,1
DA:29,1
DA:30,1
DA:34,1
LF:9
LH:8
BRDA:4,0,0,0
BRDA:23,1,0,0
BRDA:23,1,1,1
BRF:3
BRH:1
end_of_record
TN:
SF:src\routes\activityRoute.js
FNF:0
FNH:0
DA:1,1
DA:2,1
DA:3,1
DA:5,1
DA:6,1
DA:7,1
DA:8,1
DA:9,1
DA:11,1
LF:9
LH:9
BRF:0
BRH:0
end_of_record
